<?xml version="1.0" encoding="UTF-8"?>
<testsuite name="Regression Test"
           tests="2"
           failures="0"
           errors="0"
           skipped="0"
           time="1.103">
  <properties />
  
  
            <testcase name="verifyThatSixProductsAreDisplayedOnPage" time="0.590" classname="com.saucedemo.testsuite.LoginPageTest" />
                <testcase name="userShouldLoginSuccessfullyWithValidCredentials" time="0.513" classname="com.saucedemo.testsuite.LoginPageTest" />
      
</testsuite>
